                                                                                                 relation data v0.3                                                                                                  
┏━━━━━━━━━━━━━━━━━━┳━━━━━━━━━━━━━━━━━━━━━━━━━━━━━━━━━━━━━━━━━━━━━━━━━━━━━━━━━━━━━━━━━━━━━━━━━━━━━━━━━━━━━━━━━━━━━━━┳━━━━━━━━━━━━━━━━━━━━━━━━━━━━━━━━━━━━━━━━━━━━━━━━━━━━━━━━━━━━━━━━━━━━━━━━━━━━━━━━━━━━━━━━━━━━━━━━┓
┃ relation (id: 4) ┃ application                                                                                   ┃ pgbouncer-k8s                                                                                  ┃
┡━━━━━━━━━━━━━━━━━━╇━━━━━━━━━━━━━━━━━━━━━━━━━━━━━━━━━━━━━━━━━━━━━━━━━━━━━━━━━━━━━━━━━━━━━━━━━━━━━━━━━━━━━━━━━━━━━━━╇━━━━━━━━━━━━━━━━━━━━━━━━━━━━━━━━━━━━━━━━━━━━━━━━━━━━━━━━━━━━━━━━━━━━━━━━━━━━━━━━━━━━━━━━━━━━━━━━┩
│ relation name    │ first-database                                                                                │ database                                                                                       │
│ interface        │ postgresql_client                                                                             │ postgresql_client                                                                              │
│ leader unit      │ 0                                                                                             │ 0                                                                                              │
├──────────────────┼───────────────────────────────────────────────────────────────────────────────────────────────┼────────────────────────────────────────────────────────────────────────────────────────────────┤
│ application data │ ╭───────────────────────────────────────────────────────────────────────────────────────────╮ │ ╭────────────────────────────────────────────────────────────────────────────────────────────╮ │
│                  │ │                                                                                           │ │ │                                                                                            │ │
│                  │ │  data              {"endpoints":                                                          │ │ │  data                 {"database": "application_first_database", "extra-user-roles":       │ │
│                  │ │                    "pgbouncer-k8s-0.pgbouncer-k8s-endpoints.test-pgbouncer-provider-n3k…  │ │ │                       "CREATEDB,CREATEROLE"}                                               │ │
│                  │ │                    "password": "Dlx0v0BZYVr9qkLMcDII9Zjc", "read-only-endpoints":         │ │ │  endpoints            pgbouncer-k8s-0.pgbouncer-k8s-endpoints.test-pgbouncer-provider-n3…  │ │
│                  │ │                    "pgbouncer-k8s-1.pgbouncer-k8s-endpoints.test-pgbouncer-provider-n3k…  │ │ │  password             Dlx0v0BZYVr9qkLMcDII9Zjc                                             │ │
│                  │ │                    "username": "relation_id_4", "version": "14.5"}                        │ │ │  read-only-endpoints  pgbouncer-k8s-1.pgbouncer-k8s-endpoints.test-pgbouncer-provider-n3…  │ │
│                  │ │  database          application_first_database                                             │ │ │  username             relation_id_4                                                        │ │
│                  │ │  extra-user-roles  CREATEDB,CREATEROLE                                                    │ │ │  version              14.5                                                                 │ │
│                  │ ╰───────────────────────────────────────────────────────────────────────────────────────────╯ │ ╰────────────────────────────────────────────────────────────────────────────────────────────╯ │
│ unit data        │ ╭─ application/0* ─╮ ╭─ application/1 ─╮                                                      │ ╭─ pgbouncer-k8s/0* ─╮ ╭─ pgbouncer-k8s/1 ─╮ ╭─ pgbouncer-k8s/2 ─╮                             │
│                  │ │ <empty>          │ │ <empty>         │                                                      │ │ <empty>            │ │ <empty>           │ │ <empty>           │                             │
│                  │ ╰──────────────────╯ ╰─────────────────╯                                                      │ ╰────────────────────╯ ╰───────────────────╯ ╰───────────────────╯                             │
└──────────────────┴───────────────────────────────────────────────────────────────────────────────────────────────┴────────────────────────────────────────────────────────────────────────────────────────────────┘
