                                                                                                 relation data v0.3
┏━━━━━━━━━━━━━━━━━━┳━━━━━━━━━━━━━━━━━━━━━━━━━━━━━┳━━━━━━━━━━━━━━━━━━━━━━━━━━━━━━━━━━━━━━━━━━━━━━━━━━━━━━━━━━━━━━━━━━━━━━━━━━━━━━━━━━━━━━━━━━━━━━━━┓
┃ relation (id: 4) ┃ finos-waltz-k8s             ┃ pgbouncer-k8s                                                                                  ┃
┡━━━━━━━━━━━━━━━━━━╇━━━━━━━━━━━━━━━━━━━━━━━━━━━━━╇━━━━━━━━━━━━━━━━━━━━━━━━━━━━━━━━━━━━━━━━━━━━━━━━━━━━━━━━━━━━━━━━━━━━━━━━━━━━━━━━━━━━━━━━━━━━━━━━┩
│ relation name    │ db                          │ db                                                                                             │
│ interface        │ pgsql                       │ pgsql                                                                                          │
│ leader unit      │ 0                           │ 1                                                                                              │
├──────────────────┼─────────────────────────────┼────────────────────────────────────────────────────────────────────────────────────────────────┤
│ application data │ ╭─────────────────────────╮ │ ╭────────────────────────────────────────────────────────────────────────────────────────────╮ │
│                  │ │                         │ │ │                                                                                            │ │
│                  │ │  database  waltz        │ │ │  allowed-subnets  10.152.183.49/32                                                         │ │
│                  │ ╰─────────────────────────╯ │ │  allowed-units    finos-waltz-k8s/0                                                        │ │
│                  │                             │ │  database         waltz                                                                    │ │
│                  │                             │ │  host             pgbouncer-k8s-1.pgbouncer-k8s-endpoints.test-psql.svc.cluster.local      │ │
│                  │                             │ │  master           host=pgbouncer-k8s-1.pgbouncer-k8s-endpoints.test-psql.svc.cluster.loc…  │ │
│                  │                             │ │                   dbname=waltz port=6432 user=pgbouncer_k8s_user_4_test_psql               │ │
│                  │                             │ │                   password=52adugdPb44P0lJlz8SXNzUe                                        │ │
│                  │                             │ │                   fallback_application_name=finos-waltz-k8s                                │ │
│                  │                             │ │  password         52adugdPb44P0lJlz8SXNzUe                                                 │ │
│                  │                             │ │  port             6432                                                                     │ │
│                  │                             │ │  standbys         host=pgbouncer-k8s-0.pgbouncer-k8s-endpoints.test-psql.svc.cluster.loc…  │ │
│                  │                             │ │                   dbname=waltz_standby port=6432 user=pgbouncer_k8s_user_4_test_psql       │ │
│                  │                             │ │                   password=52adugdPb44P0lJlz8SXNzUe                                        │ │
│                  │                             │ │                   fallback_application_name=finos-waltz-k8s                                │ │
│                  │                             │ │  state            master                                                                   │ │
│                  │                             │ │  user             pgbouncer_k8s_user_4_test_psql                                           │ │
│                  │                             │ │  version          14.5                                                                     │ │
│                  │                             │ ╰────────────────────────────────────────────────────────────────────────────────────────────╯ │
│ unit data        │ ╭─ finos-waltz-k8s/0* ─╮    │ ╭─ pgbouncer-k8s/0 ──────────────────────────────────────────────────────────────────────────╮ │
│                  │ │                      │    │ │                                                                                            │ │
│                  │ │  database  waltz     │    │ │  allowed-subnets  10.152.183.49/32                                                         │ │
│                  │ ╰──────────────────────╯    │ │  allowed-units    finos-waltz-k8s/0                                                        │ │
│                  │                             │ │  database         waltz                                                                    │ │
│                  │                             │ │  host             pgbouncer-k8s-0.pgbouncer-k8s-endpoints.test-psql.svc.cluster.local      │ │
│                  │                             │ │  master           host=pgbouncer-k8s-1.pgbouncer-k8s-endpoints.test-psql.svc.cluster.loc…  │ │
│                  │                             │ │                   dbname=waltz port=6432 user=pgbouncer_k8s_user_4_test_psql               │ │
│                  │                             │ │                   password=1NGzx25ypl6VA41ouynAGUAx                                        │ │
│                  │                             │ │                   fallback_application_name=finos-waltz-k8s                                │ │
│                  │                             │ │  password         1NGzx25ypl6VA41ouynAGUAx                                                 │ │
│                  │                             │ │  port             6432                                                                     │ │
│                  │                             │ │  standbys         host=pgbouncer-k8s-0.pgbouncer-k8s-endpoints.test-psql.svc.cluster.loc…  │ │
│                  │                             │ │                   dbname=waltz_standby port=6432 user=pgbouncer_k8s_user_4_test_psql       │ │
│                  │                             │ │                   password=1NGzx25ypl6VA41ouynAGUAx                                        │ │
│                  │                             │ │                   fallback_application_name=finos-waltz-k8s                                │ │
│                  │                             │ │  state            standby                                                                  │ │
│                  │                             │ │  user             pgbouncer_k8s_user_4_test_psql                                           │ │
│                  │                             │ │  version          14.5                                                                     │ │
│                  │                             │ ╰────────────────────────────────────────────────────────────────────────────────────────────╯ │
│                  │                             │ ╭─ pgbouncer-k8s/1* ─────────────────────────────────────────────────────────────────────────╮ │
│                  │                             │ │                                                                                            │ │
│                  │                             │ │  allowed-subnets  10.152.183.49/32                                                         │ │
│                  │                             │ │  allowed-units    finos-waltz-k8s/0                                                        │ │
│                  │                             │ │  database         waltz                                                                    │ │
│                  │                             │ │  host             pgbouncer-k8s-1.pgbouncer-k8s-endpoints.test-psql.svc.cluster.local      │ │
│                  │                             │ │  master           host=pgbouncer-k8s-1.pgbouncer-k8s-endpoints.test-psql.svc.cluster.loc…  │ │
│                  │                             │ │                   dbname=waltz port=6432 user=pgbouncer_k8s_user_4_test_psql               │ │
│                  │                             │ │                   password=52adugdPb44P0lJlz8SXNzUe                                        │ │
│                  │                             │ │                   fallback_application_name=finos-waltz-k8s                                │ │
│                  │                             │ │  password         52adugdPb44P0lJlz8SXNzUe                                                 │ │
│                  │                             │ │  port             6432                                                                     │ │
│                  │                             │ │  standbys         host=pgbouncer-k8s-0.pgbouncer-k8s-endpoints.test-psql.svc.cluster.loc…  │ │
│                  │                             │ │                   dbname=waltz_standby port=6432 user=pgbouncer_k8s_user_4_test_psql       │ │
│                  │                             │ │                   password=52adugdPb44P0lJlz8SXNzUe                                        │ │
│                  │                             │ │                   fallback_application_name=finos-waltz-k8s                                │ │
│                  │                             │ │  state            master                                                                   │ │
│                  │                             │ │  user             pgbouncer_k8s_user_4_test_psql                                           │ │
│                  │                             │ │  version          14.5                                                                     │ │
│                  │                             │ ╰────────────────────────────────────────────────────────────────────────────────────────────╯ │
└──────────────────┴─────────────────────────────┴────────────────────────────────